Detecting C OpenMP failed with the following output:
Change Dir: /home/cas721/zkp_CT/src/build/CMakeFiles/CMakeTmp

Run Build Command(s):/usr/bin/gmake -f Makefile cmTC_28f09/fast && gmake[1]: Entering directory '/home/cas721/zkp_CT/src/build/CMakeFiles/CMakeTmp'
/usr/bin/gmake  -f CMakeFiles/cmTC_28f09.dir/build.make CMakeFiles/cmTC_28f09.dir/build
gmake[2]: Entering directory '/home/cas721/zkp_CT/src/build/CMakeFiles/CMakeTmp'
Building C object CMakeFiles/cmTC_28f09.dir/OpenMPTryFlag.c.o
/usr/bin/cc   -fopenmp=libomp -v -MD -MT CMakeFiles/cmTC_28f09.dir/OpenMPTryFlag.c.o -MF CMakeFiles/cmTC_28f09.dir/OpenMPTryFlag.c.o.d -o CMakeFiles/cmTC_28f09.dir/OpenMPTryFlag.c.o -c /home/cas721/zkp_CT/src/build/CMakeFiles/FindOpenMP/OpenMPTryFlag.c
Ubuntu clang version 14.0.0-1ubuntu1.1
Target: x86_64-pc-linux-gnu
Thread model: posix
InstalledDir: /usr/bin
Found candidate GCC installation: /usr/bin/../lib/gcc/x86_64-linux-gnu/11
Selected GCC installation: /usr/bin/../lib/gcc/x86_64-linux-gnu/11
Candidate multilib: .;@m64
Selected multilib: .;@m64
 (in-process)
 "/usr/lib/llvm-14/bin/clang" -cc1 -triple x86_64-pc-linux-gnu -emit-obj -mrelax-all --mrelax-relocations -disable-free -clear-ast-before-backend -disable-llvm-verifier -discard-value-names -main-file-name OpenMPTryFlag.c -mrelocation-model pic -pic-level 2 -pic-is-pie -mframe-pointer=all -fmath-errno -ffp-contract=on -fno-rounding-math -mconstructor-aliases -funwind-tables=2 -target-cpu x86-64 -tune-cpu generic -mllvm -treat-scalable-fixed-error-as-warning -debugger-tuning=gdb -v -fcoverage-compilation-dir=/home/cas721/zkp_CT/src/build/CMakeFiles/CMakeTmp -resource-dir /usr/lib/llvm-14/lib/clang/14.0.0 -dependency-file CMakeFiles/cmTC_28f09.dir/OpenMPTryFlag.c.o.d -MT CMakeFiles/cmTC_28f09.dir/OpenMPTryFlag.c.o -sys-header-deps -internal-isystem /usr/lib/llvm-14/lib/clang/14.0.0/include -internal-isystem /usr/local/include -internal-isystem /usr/bin/../lib/gcc/x86_64-linux-gnu/11/../../../../x86_64-linux-gnu/include -internal-externc-isystem /usr/include/x86_64-linux-gnu -internal-externc-isystem /include -internal-externc-isystem /usr/include -fdebug-compilation-dir=/home/cas721/zkp_CT/src/build/CMakeFiles/CMakeTmp -ferror-limit 19 -fopenmp -fopenmp-target-new-runtime -fgnuc-version=4.2.1 -faddrsig -D__GCC_HAVE_DWARF2_CFI_ASM=1 -o CMakeFiles/cmTC_28f09.dir/OpenMPTryFlag.c.o -x c /home/cas721/zkp_CT/src/build/CMakeFiles/FindOpenMP/OpenMPTryFlag.c
clang -cc1 version 14.0.0 based upon LLVM 14.0.0 default target x86_64-pc-linux-gnu
ignoring nonexistent directory "/usr/bin/../lib/gcc/x86_64-linux-gnu/11/../../../../x86_64-linux-gnu/include"
ignoring nonexistent directory "/include"
#include "..." search starts here:
#include <...> search starts here:
 /usr/lib/llvm-14/lib/clang/14.0.0/include
 /usr/local/include
 /usr/include/x86_64-linux-gnu
 /usr/include
End of search list.
/home/cas721/zkp_CT/src/build/CMakeFiles/FindOpenMP/OpenMPTryFlag.c:2:10: fatal error: 'omp.h' file not found
#include <omp.h>
         ^~~~~~~
1 error generated.
gmake[2]: *** [CMakeFiles/cmTC_28f09.dir/build.make:79: CMakeFiles/cmTC_28f09.dir/OpenMPTryFlag.c.o] Error 1
gmake[2]: Leaving directory '/home/cas721/zkp_CT/src/build/CMakeFiles/CMakeTmp'
gmake[1]: *** [Makefile:127: cmTC_28f09/fast] Error 2
gmake[1]: Leaving directory '/home/cas721/zkp_CT/src/build/CMakeFiles/CMakeTmp'



Detecting C OpenMP failed with the following output:
Change Dir: /home/cas721/zkp_CT/src/build/CMakeFiles/CMakeTmp

Run Build Command(s):/usr/bin/gmake -f Makefile cmTC_79e54/fast && gmake[1]: Entering directory '/home/cas721/zkp_CT/src/build/CMakeFiles/CMakeTmp'
/usr/bin/gmake  -f CMakeFiles/cmTC_79e54.dir/build.make CMakeFiles/cmTC_79e54.dir/build
gmake[2]: Entering directory '/home/cas721/zkp_CT/src/build/CMakeFiles/CMakeTmp'
Building C object CMakeFiles/cmTC_79e54.dir/OpenMPTryFlag.c.o
/usr/bin/cc   -fopenmp=libiomp5 -v -MD -MT CMakeFiles/cmTC_79e54.dir/OpenMPTryFlag.c.o -MF CMakeFiles/cmTC_79e54.dir/OpenMPTryFlag.c.o.d -o CMakeFiles/cmTC_79e54.dir/OpenMPTryFlag.c.o -c /home/cas721/zkp_CT/src/build/CMakeFiles/FindOpenMP/OpenMPTryFlag.c
Ubuntu clang version 14.0.0-1ubuntu1.1
Target: x86_64-pc-linux-gnu
Thread model: posix
InstalledDir: /usr/bin
Found candidate GCC installation: /usr/bin/../lib/gcc/x86_64-linux-gnu/11
Selected GCC installation: /usr/bin/../lib/gcc/x86_64-linux-gnu/11
Candidate multilib: .;@m64
Selected multilib: .;@m64
 (in-process)
 "/usr/lib/llvm-14/bin/clang" -cc1 -triple x86_64-pc-linux-gnu -emit-obj -mrelax-all --mrelax-relocations -disable-free -clear-ast-before-backend -disable-llvm-verifier -discard-value-names -main-file-name OpenMPTryFlag.c -mrelocation-model pic -pic-level 2 -pic-is-pie -mframe-pointer=all -fmath-errno -ffp-contract=on -fno-rounding-math -mconstructor-aliases -funwind-tables=2 -target-cpu x86-64 -tune-cpu generic -mllvm -treat-scalable-fixed-error-as-warning -debugger-tuning=gdb -v -fcoverage-compilation-dir=/home/cas721/zkp_CT/src/build/CMakeFiles/CMakeTmp -resource-dir /usr/lib/llvm-14/lib/clang/14.0.0 -dependency-file CMakeFiles/cmTC_79e54.dir/OpenMPTryFlag.c.o.d -MT CMakeFiles/cmTC_79e54.dir/OpenMPTryFlag.c.o -sys-header-deps -internal-isystem /usr/lib/llvm-14/lib/clang/14.0.0/include -internal-isystem /usr/local/include -internal-isystem /usr/bin/../lib/gcc/x86_64-linux-gnu/11/../../../../x86_64-linux-gnu/include -internal-externc-isystem /usr/include/x86_64-linux-gnu -internal-externc-isystem /include -internal-externc-isystem /usr/include -fdebug-compilation-dir=/home/cas721/zkp_CT/src/build/CMakeFiles/CMakeTmp -ferror-limit 19 -fopenmp -fopenmp-target-new-runtime -fgnuc-version=4.2.1 -faddrsig -D__GCC_HAVE_DWARF2_CFI_ASM=1 -o CMakeFiles/cmTC_79e54.dir/OpenMPTryFlag.c.o -x c /home/cas721/zkp_CT/src/build/CMakeFiles/FindOpenMP/OpenMPTryFlag.c
clang -cc1 version 14.0.0 based upon LLVM 14.0.0 default target x86_64-pc-linux-gnu
ignoring nonexistent directory "/usr/bin/../lib/gcc/x86_64-linux-gnu/11/../../../../x86_64-linux-gnu/include"
ignoring nonexistent directory "/include"
#include "..." search starts here:
#include <...> search starts here:
 /usr/lib/llvm-14/lib/clang/14.0.0/include
 /usr/local/include
 /usr/include/x86_64-linux-gnu
 /usr/include
End of search list.
/home/cas721/zkp_CT/src/build/CMakeFiles/FindOpenMP/OpenMPTryFlag.c:2:10: fatal error: 'omp.h' file not found
#include <omp.h>
         ^~~~~~~
1 error generated.
gmake[2]: *** [CMakeFiles/cmTC_79e54.dir/build.make:79: CMakeFiles/cmTC_79e54.dir/OpenMPTryFlag.c.o] Error 1
gmake[2]: Leaving directory '/home/cas721/zkp_CT/src/build/CMakeFiles/CMakeTmp'
gmake[1]: *** [Makefile:127: cmTC_79e54/fast] Error 2
gmake[1]: Leaving directory '/home/cas721/zkp_CT/src/build/CMakeFiles/CMakeTmp'



Detecting C OpenMP failed with the following output:
Change Dir: /home/cas721/zkp_CT/src/build/CMakeFiles/CMakeTmp

Run Build Command(s):/usr/bin/gmake -f Makefile cmTC_32345/fast && gmake[1]: Entering directory '/home/cas721/zkp_CT/src/build/CMakeFiles/CMakeTmp'
/usr/bin/gmake  -f CMakeFiles/cmTC_32345.dir/build.make CMakeFiles/cmTC_32345.dir/build
gmake[2]: Entering directory '/home/cas721/zkp_CT/src/build/CMakeFiles/CMakeTmp'
Building C object CMakeFiles/cmTC_32345.dir/OpenMPTryFlag.c.o
/usr/bin/cc   -fopenmp -v -MD -MT CMakeFiles/cmTC_32345.dir/OpenMPTryFlag.c.o -MF CMakeFiles/cmTC_32345.dir/OpenMPTryFlag.c.o.d -o CMakeFiles/cmTC_32345.dir/OpenMPTryFlag.c.o -c /home/cas721/zkp_CT/src/build/CMakeFiles/FindOpenMP/OpenMPTryFlag.c
Ubuntu clang version 14.0.0-1ubuntu1.1
Target: x86_64-pc-linux-gnu
Thread model: posix
InstalledDir: /usr/bin
Found candidate GCC installation: /usr/bin/../lib/gcc/x86_64-linux-gnu/11
Selected GCC installation: /usr/bin/../lib/gcc/x86_64-linux-gnu/11
Candidate multilib: .;@m64
Selected multilib: .;@m64
 (in-process)
 "/usr/lib/llvm-14/bin/clang" -cc1 -triple x86_64-pc-linux-gnu -emit-obj -mrelax-all --mrelax-relocations -disable-free -clear-ast-before-backend -disable-llvm-verifier -discard-value-names -main-file-name OpenMPTryFlag.c -mrelocation-model pic -pic-level 2 -pic-is-pie -mframe-pointer=all -fmath-errno -ffp-contract=on -fno-rounding-math -mconstructor-aliases -funwind-tables=2 -target-cpu x86-64 -tune-cpu generic -mllvm -treat-scalable-fixed-error-as-warning -debugger-tuning=gdb -v -fcoverage-compilation-dir=/home/cas721/zkp_CT/src/build/CMakeFiles/CMakeTmp -resource-dir /usr/lib/llvm-14/lib/clang/14.0.0 -dependency-file CMakeFiles/cmTC_32345.dir/OpenMPTryFlag.c.o.d -MT CMakeFiles/cmTC_32345.dir/OpenMPTryFlag.c.o -sys-header-deps -internal-isystem /usr/lib/llvm-14/lib/clang/14.0.0/include -internal-isystem /usr/local/include -internal-isystem /usr/bin/../lib/gcc/x86_64-linux-gnu/11/../../../../x86_64-linux-gnu/include -internal-externc-isystem /usr/include/x86_64-linux-gnu -internal-externc-isystem /include -internal-externc-isystem /usr/include -fdebug-compilation-dir=/home/cas721/zkp_CT/src/build/CMakeFiles/CMakeTmp -ferror-limit 19 -fopenmp -fopenmp-target-new-runtime -fgnuc-version=4.2.1 -faddrsig -D__GCC_HAVE_DWARF2_CFI_ASM=1 -o CMakeFiles/cmTC_32345.dir/OpenMPTryFlag.c.o -x c /home/cas721/zkp_CT/src/build/CMakeFiles/FindOpenMP/OpenMPTryFlag.c
clang -cc1 version 14.0.0 based upon LLVM 14.0.0 default target x86_64-pc-linux-gnu
ignoring nonexistent directory "/usr/bin/../lib/gcc/x86_64-linux-gnu/11/../../../../x86_64-linux-gnu/include"
ignoring nonexistent directory "/include"
#include "..." search starts here:
#include <...> search starts here:
 /usr/lib/llvm-14/lib/clang/14.0.0/include
 /usr/local/include
 /usr/include/x86_64-linux-gnu
 /usr/include
End of search list.
/home/cas721/zkp_CT/src/build/CMakeFiles/FindOpenMP/OpenMPTryFlag.c:2:10: fatal error: 'omp.h' file not found
#include <omp.h>
         ^~~~~~~
1 error generated.
gmake[2]: *** [CMakeFiles/cmTC_32345.dir/build.make:79: CMakeFiles/cmTC_32345.dir/OpenMPTryFlag.c.o] Error 1
gmake[2]: Leaving directory '/home/cas721/zkp_CT/src/build/CMakeFiles/CMakeTmp'
gmake[1]: *** [Makefile:127: cmTC_32345/fast] Error 2
gmake[1]: Leaving directory '/home/cas721/zkp_CT/src/build/CMakeFiles/CMakeTmp'



Detecting C OpenMP failed with the following output:
Change Dir: /home/cas721/zkp_CT/src/build/CMakeFiles/CMakeTmp

Run Build Command(s):/usr/bin/gmake -f Makefile cmTC_a2ab0/fast && gmake[1]: Entering directory '/home/cas721/zkp_CT/src/build/CMakeFiles/CMakeTmp'
/usr/bin/gmake  -f CMakeFiles/cmTC_a2ab0.dir/build.make CMakeFiles/cmTC_a2ab0.dir/build
gmake[2]: Entering directory '/home/cas721/zkp_CT/src/build/CMakeFiles/CMakeTmp'
Building C object CMakeFiles/cmTC_a2ab0.dir/OpenMPTryFlag.c.o
/usr/bin/cc   -Xclang -fopenmp -v -MD -MT CMakeFiles/cmTC_a2ab0.dir/OpenMPTryFlag.c.o -MF CMakeFiles/cmTC_a2ab0.dir/OpenMPTryFlag.c.o.d -o CMakeFiles/cmTC_a2ab0.dir/OpenMPTryFlag.c.o -c /home/cas721/zkp_CT/src/build/CMakeFiles/FindOpenMP/OpenMPTryFlag.c
Ubuntu clang version 14.0.0-1ubuntu1.1
Target: x86_64-pc-linux-gnu
Thread model: posix
InstalledDir: /usr/bin
Found candidate GCC installation: /usr/bin/../lib/gcc/x86_64-linux-gnu/11
Selected GCC installation: /usr/bin/../lib/gcc/x86_64-linux-gnu/11
Candidate multilib: .;@m64
Selected multilib: .;@m64
 (in-process)
 "/usr/lib/llvm-14/bin/clang" -cc1 -triple x86_64-pc-linux-gnu -emit-obj -mrelax-all --mrelax-relocations -disable-free -clear-ast-before-backend -disable-llvm-verifier -discard-value-names -main-file-name OpenMPTryFlag.c -mrelocation-model pic -pic-level 2 -pic-is-pie -mframe-pointer=all -fmath-errno -ffp-contract=on -fno-rounding-math -mconstructor-aliases -funwind-tables=2 -target-cpu x86-64 -tune-cpu generic -mllvm -treat-scalable-fixed-error-as-warning -debugger-tuning=gdb -v -fcoverage-compilation-dir=/home/cas721/zkp_CT/src/build/CMakeFiles/CMakeTmp -resource-dir /usr/lib/llvm-14/lib/clang/14.0.0 -dependency-file CMakeFiles/cmTC_a2ab0.dir/OpenMPTryFlag.c.o.d -MT CMakeFiles/cmTC_a2ab0.dir/OpenMPTryFlag.c.o -sys-header-deps -internal-isystem /usr/lib/llvm-14/lib/clang/14.0.0/include -internal-isystem /usr/local/include -internal-isystem /usr/bin/../lib/gcc/x86_64-linux-gnu/11/../../../../x86_64-linux-gnu/include -internal-externc-isystem /usr/include/x86_64-linux-gnu -internal-externc-isystem /include -internal-externc-isystem /usr/include -fdebug-compilation-dir=/home/cas721/zkp_CT/src/build/CMakeFiles/CMakeTmp -ferror-limit 19 -fgnuc-version=4.2.1 -fopenmp -faddrsig -D__GCC_HAVE_DWARF2_CFI_ASM=1 -o CMakeFiles/cmTC_a2ab0.dir/OpenMPTryFlag.c.o -x c /home/cas721/zkp_CT/src/build/CMakeFiles/FindOpenMP/OpenMPTryFlag.c
clang -cc1 version 14.0.0 based upon LLVM 14.0.0 default target x86_64-pc-linux-gnu
ignoring nonexistent directory "/usr/bin/../lib/gcc/x86_64-linux-gnu/11/../../../../x86_64-linux-gnu/include"
ignoring nonexistent directory "/include"
#include "..." search starts here:
#include <...> search starts here:
 /usr/lib/llvm-14/lib/clang/14.0.0/include
 /usr/local/include
 /usr/include/x86_64-linux-gnu
 /usr/include
End of search list.
/home/cas721/zkp_CT/src/build/CMakeFiles/FindOpenMP/OpenMPTryFlag.c:2:10: fatal error: 'omp.h' file not found
#include <omp.h>
         ^~~~~~~
1 error generated.
gmake[2]: *** [CMakeFiles/cmTC_a2ab0.dir/build.make:79: CMakeFiles/cmTC_a2ab0.dir/OpenMPTryFlag.c.o] Error 1
gmake[2]: Leaving directory '/home/cas721/zkp_CT/src/build/CMakeFiles/CMakeTmp'
gmake[1]: *** [Makefile:127: cmTC_a2ab0/fast] Error 2
gmake[1]: Leaving directory '/home/cas721/zkp_CT/src/build/CMakeFiles/CMakeTmp'



